<?xml version="1.0" encoding="UTF-8"?>
<!-- Generated by org.testng.reporters.JUnitReportReporter -->
<testsuite hostname="DESKTOP-19KG06C" failures="0" tests="1" name="testPakage.ActiTimeInValidLogin" time="6.870" errors="0" timestamp="2023-01-26T21:16:10 IST" skipped="0">
  <testcase classname="testPakage.ActiTimeInValidLogin" name="setUp" time="6.870"/>
  <system-out/>
</testsuite> <!-- testPakage.ActiTimeInValidLogin -->
